[00:10:27] [Server thread/INFO] (SpectralPhantomEntity) []
[00:10:28] [Server thread/INFO] (SpectralPhantomEntity) []
[00:10:28] [Server thread/INFO] (SpectralPhantomEntity) []
[00:10:28] [Server thread/INFO] (SpectralPhantomEntity) []
[00:10:28] [Server thread/INFO] (SpectralPhantomEntity) []
[00:10:28] [Server thread/INFO] (SpectralPhantomEntity) []
[00:10:28] [Server thread/INFO] (SpectralPhantomEntity) []
[00:10:28] [Server thread/INFO] (SpectralPhantomEntity) []
[00:10:28] [Server thread/INFO] (SpectralPhantomEntity) []
[00:10:28] [Server thread/INFO] (SpectralPhantomEntity) []
[00:10:28] [Server thread/INFO] (SpectralPhantomEntity) []
[00:10:28] [Server thread/INFO] (SpectralPhantomEntity) [TemptGoal]
[00:10:29] [Server thread/INFO] (SpectralPhantomEntity) [TemptGoal]
[00:10:29] [Server thread/INFO] (SpectralPhantomEntity) [TemptGoal]
[00:10:29] [Server thread/INFO] (SpectralPhantomEntity) [TemptGoal]
[00:10:29] [Server thread/INFO] (SpectralPhantomEntity) [TemptGoal]
[00:10:29] [Server thread/INFO] (SpectralPhantomEntity) [TemptGoal]
[00:10:29] [Server thread/INFO] (SpectralPhantomEntity) [TemptGoal]
[00:10:29] [Server thread/INFO] (SpectralPhantomEntity) [TemptGoal]
[00:10:29] [Server thread/INFO] (SpectralPhantomEntity) [TemptGoal]
[00:10:29] [Server thread/INFO] (SpectralPhantomEntity) [TemptGoal]
[00:10:29] [Server thread/INFO] (SpectralPhantomEntity) [TemptGoal]
[00:10:29] [Server thread/INFO] (SpectralPhantomEntity) [TemptGoal]
[00:10:29] [Server thread/INFO] (SpectralPhantomEntity) [TemptGoal]
[00:10:29] [Server thread/INFO] (SpectralPhantomEntity) [TemptGoal]
[00:10:29] [Server thread/INFO] (SpectralPhantomEntity) [TemptGoal]
[00:10:29] [Server thread/INFO] (SpectralPhantomEntity) [TemptGoal]
[00:10:29] [Server thread/INFO] (SpectralPhantomEntity) [TemptGoal]
[00:10:29] [Server thread/INFO] (SpectralPhantomEntity) [TemptGoal]
[00:10:29] [Server thread/INFO] (SpectralPhantomEntity) [TemptGoal]
[00:10:29] [Server thread/INFO] (SpectralPhantomEntity) [TemptGoal]
[00:10:29] [Server thread/INFO] (SpectralPhantomEntity) [TemptGoal]
[00:10:29] [Server thread/INFO] (SpectralPhantomEntity) [TemptGoal]
[00:10:30] [Server thread/INFO] (SpectralPhantomEntity) [TemptGoal]
[00:10:30] [Server thread/INFO] (SpectralPhantomEntity) [TemptGoal]
[00:10:30] [Server thread/INFO] (SpectralPhantomEntity) [TemptGoal]
[00:10:30] [Server thread/INFO] (SpectralPhantomEntity) [TemptGoal]
[00:10:30] [Server thread/INFO] (SpectralPhantomEntity) [TemptGoal]
[00:10:30] [Server thread/INFO] (SpectralPhantomEntity) [TemptGoal]
[00:10:30] [Server thread/INFO] (SpectralPhantomEntity) [TemptGoal]
[00:10:30] [Server thread/INFO] (SpectralPhantomEntity) [TemptGoal]
[00:10:30] [Server thread/INFO] (SpectralPhantomEntity) [TemptGoal]
[00:10:30] [Server thread/INFO] (SpectralPhantomEntity) [TemptGoal]
[00:10:30] [Server thread/INFO] (SpectralPhantomEntity) [TemptGoal]
[00:10:31] [Server thread/INFO] (SpectralPhantomEntity) [TemptGoal]
[00:10:31] [Server thread/INFO] (SpectralPhantomEntity) [TemptGoal]
[00:10:31] [Server thread/INFO] (SpectralPhantomEntity) [TemptGoal]
[00:10:31] [Server thread/INFO] (SpectralPhantomEntity) [TemptGoal]
[00:10:31] [Server thread/INFO] (SpectralPhantomEntity) [TemptGoal]
[00:10:31] [Server thread/INFO] (SpectralPhantomEntity) [TemptGoal]
[00:10:31] [Server thread/INFO] (SpectralPhantomEntity) [TemptGoal]
[00:10:31] [Server thread/INFO] (SpectralPhantomEntity) [TemptGoal]
[00:10:31] [Server thread/INFO] (SpectralPhantomEntity) [TemptGoal]
[00:10:31] [Server thread/INFO] (SpectralPhantomEntity) [TemptGoal]
[00:10:31] [Server thread/INFO] (SpectralPhantomEntity) [TemptGoal]
[00:10:31] [Server thread/INFO] (SpectralPhantomEntity) [TemptGoal]
[00:10:31] [Server thread/INFO] (SpectralPhantomEntity) [TemptGoal]
[00:10:31] [Server thread/INFO] (SpectralPhantomEntity) [TemptGoal]
[00:10:31] [Server thread/INFO] (SpectralPhantomEntity) [TemptGoal]
[00:10:31] [Server thread/INFO] (SpectralPhantomEntity) [TemptGoal]
[00:10:31] [Server thread/INFO] (SpectralPhantomEntity) [TemptGoal]
[00:10:31] [Server thread/INFO] (SpectralPhantomEntity) [TemptGoal]
[00:10:31] [Server thread/INFO] (SpectralPhantomEntity) [TemptGoal]
[00:10:31] [Server thread/INFO] (SpectralPhantomEntity) [TemptGoal]
[00:10:31] [Server thread/INFO] (SpectralPhantomEntity) [TemptGoal]
[00:10:31] [Server thread/INFO] (SpectralPhantomEntity) [TemptGoal]
[00:10:32] [Server thread/INFO] (SpectralPhantomEntity) [TemptGoal]
[00:10:32] [Server thread/INFO] (SpectralPhantomEntity) [TemptGoal]
[00:10:32] [Server thread/INFO] (SpectralPhantomEntity) [TemptGoal]
[00:10:32] [Server thread/INFO] (SpectralPhantomEntity) [TemptGoal]
[00:10:32] [Server thread/INFO] (SpectralPhantomEntity) [TemptGoal]
[00:10:32] [Server thread/INFO] (SpectralPhantomEntity) [TemptGoal]
[00:10:32] [Server thread/INFO] (SpectralPhantomEntity) [TemptGoal]
[00:10:32] [Server thread/INFO] (SpectralPhantomEntity) [TemptGoal]
[00:10:32] [Server thread/INFO] (SpectralPhantomEntity) [TemptGoal]
[00:10:32] [Server thread/INFO] (SpectralPhantomEntity) [TemptGoal]
[00:10:32] [Server thread/INFO] (SpectralPhantomEntity) [TemptGoal]
[00:10:32] [Server thread/INFO] (SpectralPhantomEntity) [TemptGoal]
[00:10:32] [Server thread/INFO] (SpectralPhantomEntity) [TemptGoal]
[00:10:32] [Server thread/INFO] (SpectralPhantomEntity) [TemptGoal]
[00:10:32] [Server thread/INFO] (SpectralPhantomEntity) [TemptGoal]
[00:10:32] [Server thread/INFO] (SpectralPhantomEntity) [TemptGoal]
[00:10:32] [Server thread/INFO] (SpectralPhantomEntity) [TemptGoal]
[00:10:32] [Server thread/INFO] (SpectralPhantomEntity) [TemptGoal]
[00:10:32] [Server thread/INFO] (SpectralPhantomEntity) [TemptGoal]
[00:10:33] [Server thread/INFO] (SpectralPhantomEntity) [TemptGoal]
[00:10:33] [Server thread/INFO] (SpectralPhantomEntity) [TemptGoal]
[00:10:33] [Server thread/INFO] (SpectralPhantomEntity) [TemptGoal]
[00:10:33] [Server thread/INFO] (SpectralPhantomEntity) [TemptGoal]
[00:10:33] [Server thread/INFO] (SpectralPhantomEntity) [TemptGoal]
[00:10:33] [Server thread/INFO] (SpectralPhantomEntity) [TemptGoal]
[00:10:33] [Server thread/INFO] (SpectralPhantomEntity) [TemptGoal]
[00:10:33] [Server thread/INFO] (SpectralPhantomEntity) [TemptGoal]
[00:10:33] [Server thread/INFO] (SpectralPhantomEntity) [TemptGoal]
[00:10:33] [Server thread/INFO] (SpectralPhantomEntity) [TemptGoal]
[00:10:33] [Server thread/INFO] (SpectralPhantomEntity) [TemptGoal]
[00:10:33] [Server thread/INFO] (SpectralPhantomEntity) [TemptGoal]
[00:10:33] [Server thread/INFO] (SpectralPhantomEntity) [TemptGoal]
[00:10:33] [Server thread/INFO] (SpectralPhantomEntity) [TemptGoal]
[00:10:33] [Server thread/INFO] (SpectralPhantomEntity) []
[00:10:33] [Server thread/INFO] (SpectralPhantomEntity) []
[00:10:33] [Server thread/INFO] (SpectralPhantomEntity) [LookAtEntityGoal]
[00:10:33] [Server thread/INFO] (SpectralPhantomEntity) [LookAtEntityGoal]
[00:10:33] [Server thread/INFO] (SpectralPhantomEntity) [LookAtEntityGoal]
[00:10:34] [Server thread/INFO] (SpectralPhantomEntity) [LookAtEntityGoal]
[00:10:34] [Server thread/INFO] (SpectralPhantomEntity) [LookAtEntityGoal]
[00:10:34] [Server thread/INFO] (SpectralPhantomEntity) [LookAtEntityGoal]
[00:10:34] [Server thread/INFO] (SpectralPhantomEntity) [LookAtEntityGoal]
[00:10:34] [Server thread/INFO] (SpectralPhantomEntity) [LookAtEntityGoal]
[00:10:34] [Server thread/INFO] (SpectralPhantomEntity) [LookAtEntityGoal]
[00:10:34] [Server thread/INFO] (SpectralPhantomEntity) [LookAtEntityGoal]
[00:10:34] [Server thread/INFO] (SpectralPhantomEntity) [LookAtEntityGoal]
[00:10:34] [Server thread/INFO] (SpectralPhantomEntity) [LookAtEntityGoal]
[00:10:34] [Server thread/INFO] (SpectralPhantomEntity) [LookAtEntityGoal]
[00:10:34] [Server thread/INFO] (SpectralPhantomEntity) [LookAtEntityGoal]
[00:10:34] [Server thread/INFO] (SpectralPhantomEntity) [LookAtEntityGoal]
[00:10:34] [Server thread/INFO] (SpectralPhantomEntity) [LookAtEntityGoal]
[00:10:34] [Server thread/INFO] (SpectralPhantomEntity) [LookAtEntityGoal]
[00:10:34] [Server thread/INFO] (SpectralPhantomEntity) [LookAtEntityGoal]
[00:10:34] [Server thread/INFO] (SpectralPhantomEntity) [LookAtEntityGoal]
[00:10:34] [Server thread/INFO] (SpectralPhantomEntity) [LookAtEntityGoal]
[00:10:34] [Server thread/INFO] (SpectralPhantomEntity) [LookAtEntityGoal]
[00:10:34] [Server thread/INFO] (SpectralPhantomEntity) [LookAtEntityGoal]
[00:10:35] [Server thread/INFO] (SpectralPhantomEntity) [LookAtEntityGoal]
[00:10:35] [Server thread/INFO] (SpectralPhantomEntity) [LookAtEntityGoal]
[00:10:35] [Server thread/INFO] (SpectralPhantomEntity) [LookAtEntityGoal]
[00:10:35] [Server thread/INFO] (SpectralPhantomEntity) [LookAtEntityGoal]
[00:10:35] [Server thread/INFO] (SpectralPhantomEntity) [LookAtEntityGoal]
[00:10:35] [Server thread/INFO] (SpectralPhantomEntity) [LookAtEntityGoal]
[00:10:35] [Server thread/INFO] (SpectralPhantomEntity) [LookAtEntityGoal]
[00:10:35] [Server thread/INFO] (SpectralPhantomEntity) [LookAtEntityGoal]
[00:10:35] [Server thread/INFO] (SpectralPhantomEntity) [LookAtEntityGoal]
[00:10:35] [Server thread/INFO] (SpectralPhantomEntity) [LookAtEntityGoal]
[00:10:35] [Server thread/INFO] (SpectralPhantomEntity) [LookAtEntityGoal]
[00:10:35] [Server thread/INFO] (SpectralPhantomEntity) [LookAtEntityGoal]
[00:10:35] [Server thread/INFO] (SpectralPhantomEntity) [LookAtEntityGoal]
[00:10:35] [Server thread/INFO] (SpectralPhantomEntity) [LookAtEntityGoal]
[00:10:35] [Server thread/INFO] (SpectralPhantomEntity) [LookAtEntityGoal]
[00:10:35] [Server thread/INFO] (SpectralPhantomEntity) [LeapAtFoodGoal]
[00:10:35] [Server thread/INFO] (SpectralPhantomEntity) [LeapAtFoodGoal]
[00:10:35] [Server thread/INFO] (SpectralPhantomEntity) [LeapAtFoodGoal]
[00:10:36] [Server thread/INFO] (SpectralPhantomEntity) [LeapAtFoodGoal]
[00:10:36] [Server thread/INFO] (SpectralPhantomEntity) [LeapAtFoodGoal]
[00:10:36] [Server thread/INFO] (SpectralPhantomEntity) [LeapAtFoodGoal]
[00:10:36] [Server thread/INFO] (SpectralPhantomEntity) []
[00:10:36] [Server thread/INFO] (SpectralPhantomEntity) []
[00:10:36] [Server thread/INFO] (SpectralPhantomEntity) []
[00:10:36] [Server thread/INFO] (SpectralPhantomEntity) []
[00:10:36] [Server thread/INFO] (SpectralPhantomEntity) []
[00:10:36] [Server thread/INFO] (SpectralPhantomEntity) []
[00:10:36] [Server thread/INFO] (SpectralPhantomEntity) []
[00:10:36] [Server thread/INFO] (SpectralPhantomEntity) []
[00:10:36] [Server thread/INFO] (SpectralPhantomEntity) []
[00:10:36] [Server thread/INFO] (SpectralPhantomEntity) []
[00:10:36] [Server thread/INFO] (SpectralPhantomEntity) []
[00:10:36] [Server thread/INFO] (SpectralPhantomEntity) []
[00:10:36] [Server thread/INFO] (SpectralPhantomEntity) []
[00:10:36] [Server thread/INFO] (SpectralPhantomEntity) []
[00:10:36] [Server thread/INFO] (SpectralPhantomEntity) []
[00:10:36] [Server thread/INFO] (SpectralPhantomEntity) []
[00:10:36] [Server thread/INFO] (SpectralPhantomEntity) []
[00:10:37] [Server thread/INFO] (SpectralPhantomEntity) []
[00:10:37] [Server thread/INFO] (SpectralPhantomEntity) []
[00:10:37] [Server thread/INFO] (SpectralPhantomEntity) []
[00:10:37] [Server thread/INFO] (SpectralPhantomEntity) []
[00:10:37] [Server thread/INFO] (SpectralPhantomEntity) []
[00:10:37] [Server thread/INFO] (SpectralPhantomEntity) []
[00:10:37] [Server thread/INFO] (SpectralPhantomEntity) []
[00:10:37] [Server thread/INFO] (SpectralPhantomEntity) []
[00:10:37] [Server thread/INFO] (SpectralPhantomEntity) [LookAroundGoal]
[00:10:37] [Server thread/INFO] (SpectralPhantomEntity) [LookAroundGoal]
[00:10:37] [Server thread/INFO] (SpectralPhantomEntity) [LookAroundGoal]
[00:10:37] [Server thread/INFO] (SpectralPhantomEntity) [LookAroundGoal]
[00:10:37] [Server thread/INFO] (SpectralPhantomEntity) [LookAroundGoal]
[00:10:37] [Server thread/INFO] (SpectralPhantomEntity) [LookAroundGoal]
[00:10:37] [Server thread/INFO] (SpectralPhantomEntity) [LookAroundGoal]
[00:10:37] [Server thread/INFO] (SpectralPhantomEntity) [LookAroundGoal]
[00:10:37] [Server thread/INFO] (SpectralPhantomEntity) [LookAroundGoal]
[00:10:37] [Server thread/INFO] (SpectralPhantomEntity) [LookAroundGoal]
[00:10:38] [Server thread/INFO] (SpectralPhantomEntity) [LookAroundGoal]
[00:10:38] [Server thread/INFO] (SpectralPhantomEntity) [LookAroundGoal]
[00:10:38] [Server thread/INFO] (SpectralPhantomEntity) [LookAroundGoal]
[00:10:38] [Server thread/INFO] (SpectralPhantomEntity) [LookAroundGoal]
[00:10:38] [Server thread/INFO] (SpectralPhantomEntity) [LookAroundGoal]
[00:10:38] [Server thread/INFO] (SpectralPhantomEntity) [LookAroundGoal]
[00:10:38] [Server thread/INFO] (SpectralPhantomEntity) [LookAroundGoal]
[00:10:38] [Server thread/INFO] (SpectralPhantomEntity) [LookAroundGoal]
[00:10:38] [Server thread/INFO] (SpectralPhantomEntity) [LookAroundGoal]
[00:10:38] [Server thread/INFO] (SpectralPhantomEntity) [LookAroundGoal]
[00:10:38] [Server thread/INFO] (SpectralPhantomEntity) [LookAroundGoal]
[00:10:38] [Server thread/INFO] (SpectralPhantomEntity) []
[00:10:38] [Server thread/INFO] (SpectralPhantomEntity) [LookAroundGoal]
[00:10:38] [Server thread/INFO] (SpectralPhantomEntity) [LookAroundGoal]
[00:10:38] [Server thread/INFO] (SpectralPhantomEntity) [LookAroundGoal]
[00:10:38] [Server thread/INFO] (SpectralPhantomEntity) [LookAroundGoal]
[00:10:38] [Server thread/INFO] (SpectralPhantomEntity) [LookAroundGoal]
[00:10:38] [Server thread/INFO] (SpectralPhantomEntity) [LookAroundGoal]
[00:10:39] [Server thread/INFO] (SpectralPhantomEntity) [LookAroundGoal]
[00:10:39] [Server thread/INFO] (SpectralPhantomEntity) [LookAroundGoal]
[00:10:39] [Server thread/INFO] (SpectralPhantomEntity) [LookAroundGoal]
[00:10:39] [Server thread/INFO] (SpectralPhantomEntity) [LookAroundGoal]
[00:10:39] [Server thread/INFO] (SpectralPhantomEntity) [LookAroundGoal]
[00:10:39] [Server thread/INFO] (SpectralPhantomEntity) [LookAroundGoal]
[00:10:39] [Server thread/INFO] (SpectralPhantomEntity) [LookAroundGoal]
[00:10:39] [Server thread/INFO] (SpectralPhantomEntity) [LookAroundGoal]
[00:10:39] [Server thread/INFO] (SpectralPhantomEntity) [LookAroundGoal]
[00:10:39] [Server thread/INFO] (SpectralPhantomEntity) [LookAroundGoal]
[00:10:39] [Server thread/INFO] (SpectralPhantomEntity) [LookAroundGoal]
[00:10:39] [Server thread/INFO] (SpectralPhantomEntity) [LookAroundGoal]
[00:10:39] [Server thread/INFO] (SpectralPhantomEntity) [LookAroundGoal]
[00:10:39] [Server thread/INFO] (SpectralPhantomEntity) [LookAroundGoal]
[00:10:39] [Server thread/INFO] (SpectralPhantomEntity) [LookAroundGoal]
[00:10:39] [Server thread/INFO] (SpectralPhantomEntity) [LookAroundGoal]
[00:10:39] [Server thread/INFO] (SpectralPhantomEntity) [LookAroundGoal]
[00:10:39] [Server thread/INFO] (SpectralPhantomEntity) [LookAroundGoal]
[00:10:39] [Server thread/INFO] (SpectralPhantomEntity) [LookAroundGoal]
[00:10:39] [Server thread/INFO] (SpectralPhantomEntity) [LookAroundGoal]
[00:10:39] [Server thread/INFO] (SpectralPhantomEntity) [LookAroundGoal]
[00:10:40] [Server thread/INFO] (SpectralPhantomEntity) [LookAroundGoal]
[00:10:40] [Server thread/INFO] (SpectralPhantomEntity) [LookAroundGoal]
[00:10:40] [Server thread/INFO] (SpectralPhantomEntity) [LookAroundGoal]
[00:10:40] [Server thread/INFO] (SpectralPhantomEntity) [LookAroundGoal]
[00:10:40] [Server thread/INFO] (SpectralPhantomEntity) []
[00:10:40] [Server thread/INFO] (SpectralPhantomEntity) []
[00:10:40] [Server thread/INFO] (SpectralPhantomEntity) []
[00:10:40] [Server thread/INFO] (SpectralPhantomEntity) []
[00:10:40] [Server thread/INFO] (SpectralPhantomEntity) []
[00:10:40] [Server thread/INFO] (SpectralPhantomEntity) []
[00:10:40] [Server thread/INFO] (SpectralPhantomEntity) [LookAtEntityGoal]
[00:10:40] [Server thread/INFO] (SpectralPhantomEntity) [LookAtEntityGoal]
[00:10:40] [Server thread/INFO] (SpectralPhantomEntity) [LookAtEntityGoal]
[00:10:40] [Server thread/INFO] (SpectralPhantomEntity) [LookAtEntityGoal]
[00:10:40] [Server thread/INFO] (SpectralPhantomEntity) [LookAtEntityGoal]
[00:10:40] [Server thread/INFO] (SpectralPhantomEntity) [LookAtEntityGoal]
[00:10:40] [Server thread/INFO] (Minecraft) Saving and pausing game...
[00:10:40] [Server thread/INFO] (Minecraft) Saving chunks for level 'ServerLevel[Cool Plateau]'/minecraft:overworld
[00:10:42] [Server thread/INFO] (Minecraft) Saving chunks for level 'ServerLevel[Cool Plateau]'/minecraft:the_nether
[00:10:42] [Server thread/INFO] (Minecraft) Saving chunks for level 'ServerLevel[Cool Plateau]'/minecraft:the_end
[00:10:42] [Server thread/WARN] (Minecraft) Can't keep up! Is the server overloaded? Running 2982ms or 59 ticks behind
[00:10:42] [Server thread/INFO] (SpectralPhantomEntity) [LookAtEntityGoal]
[00:10:42] [Server thread/INFO] (SpectralPhantomEntity) [LookAtEntityGoal]
[00:10:42] [Server thread/INFO] (SpectralPhantomEntity) [LookAtEntityGoal]
[00:10:42] [Server thread/INFO] (SpectralPhantomEntity) [LookAtEntityGoal]
[00:10:42] [Server thread/INFO] (SpectralPhantomEntity) [LookAtEntityGoal]
[00:10:42] [Server thread/INFO] (SpectralPhantomEntity) [LookAtEntityGoal]
[00:10:42] [Server thread/INFO] (SpectralPhantomEntity) [LookAtEntityGoal]
[00:10:42] [Server thread/INFO] (SpectralPhantomEntity) [LookAtEntityGoal]
[00:10:42] [Server thread/INFO] (SpectralPhantomEntity) [LookAtEntityGoal]
[00:10:42] [Server thread/INFO] (SpectralPhantomEntity) [LookAtEntityGoal]
[00:10:42] [Server thread/INFO] (SpectralPhantomEntity) [LookAtEntityGoal]
[00:10:42] [Server thread/INFO] (SpectralPhantomEntity) [LookAtEntityGoal]
[00:10:42] [Server thread/INFO] (SpectralPhantomEntity) [LookAtEntityGoal]
[00:10:42] [Server thread/INFO] (SpectralPhantomEntity) [LookAtEntityGoal]
[00:10:42] [Server thread/INFO] (SpectralPhantomEntity) [LookAtEntityGoal]
[00:10:42] [Server thread/INFO] (SpectralPhantomEntity) [LookAtEntityGoal]
[00:10:43] [Server thread/INFO] (SpectralPhantomEntity) [LookAtEntityGoal]
[00:10:43] [Server thread/INFO] (SpectralPhantomEntity) [LookAtEntityGoal]
[00:10:43] [Server thread/INFO] (SpectralPhantomEntity) [LookAtEntityGoal]
[00:10:43] [Server thread/INFO] (SpectralPhantomEntity) [LookAtEntityGoal]
[00:10:43] [Server thread/INFO] (SpectralPhantomEntity) [LookAtEntityGoal]
[00:10:43] [Server thread/INFO] (SpectralPhantomEntity) [LookAtEntityGoal]
[00:10:43] [Server thread/INFO] (SpectralPhantomEntity) [LookAtEntityGoal]
[00:10:43] [Server thread/INFO] (SpectralPhantomEntity) [LookAtEntityGoal]
[00:10:43] [Server thread/INFO] (SpectralPhantomEntity) [LookAtEntityGoal]
[00:10:43] [Server thread/INFO] (SpectralPhantomEntity) [LookAtEntityGoal]
[00:10:43] [Server thread/INFO] (SpectralPhantomEntity) [LookAtEntityGoal]
[00:10:43] [Server thread/INFO] (SpectralPhantomEntity) [LookAtEntityGoal]
[00:10:43] [Server thread/INFO] (SpectralPhantomEntity) [LookAtEntityGoal]
[00:10:43] [Server thread/INFO] (SpectralPhantomEntity) [LookAtEntityGoal]
[00:10:43] [Server thread/INFO] (SpectralPhantomEntity) [LookAtEntityGoal]
[00:10:43] [Server thread/INFO] (SpectralPhantomEntity) [LookAtEntityGoal]
[00:10:43] [Server thread/INFO] (SpectralPhantomEntity) [LookAtEntityGoal]
[00:10:43] [Server thread/INFO] (SpectralPhantomEntity) [LookAtEntityGoal]
[00:10:43] [Server thread/INFO] (SpectralPhantomEntity) [LookAtEntityGoal]
[00:10:44] [Server thread/INFO] (SpectralPhantomEntity) [LookAtEntityGoal]
[00:10:44] [Server thread/INFO] (SpectralPhantomEntity) [LookAtEntityGoal]
[00:10:44] [Server thread/INFO] (SpectralPhantomEntity) [LookAtEntityGoal]
[00:10:44] [Server thread/INFO] (SpectralPhantomEntity) []
[00:10:44] [Server thread/INFO] (Minecraft) Saving and pausing game...
[00:10:44] [Server thread/INFO] (Minecraft) Saving chunks for level 'ServerLevel[Cool Plateau]'/minecraft:overworld
[00:10:45] [Server thread/INFO] (Minecraft) Saving chunks for level 'ServerLevel[Cool Plateau]'/minecraft:the_nether
[00:10:45] [Server thread/INFO] (Minecraft) Saving chunks for level 'ServerLevel[Cool Plateau]'/minecraft:the_end
[00:32:32] [Server thread/WARN] (Minecraft) Can't keep up! Is the server overloaded? Running 2409ms or 48 ticks behind
[00:39:00] [main/INFO] (Minecraft) Stopping!
[00:39:00] [Server thread/INFO] (SpectralPhantomEntity) []
[00:39:00] [Server thread/INFO] (Minecraft) Player436 lost connection: Disconnected
[00:39:00] [Server thread/INFO] (Minecraft) Player436 left the game
[00:39:00] [Server thread/INFO] (Minecraft) Stopping singleplayer server as player logged out
[00:39:00] [Server thread/INFO] (Minecraft) Stopping server
[00:39:00] [Server thread/INFO] (Minecraft) Saving players
[00:39:00] [Server thread/INFO] (Minecraft) Saving worlds
[00:39:00] [Server thread/INFO] (Minecraft) Saving chunks for level 'ServerLevel[Cool Plateau]'/minecraft:overworld
[00:39:01] [Server thread/INFO] (Minecraft) ThreadedAnvilChunkStorage (Cool Plateau): All chunks are saved
[00:39:01] [Server thread/INFO] (Minecraft) Saving chunks for level 'ServerLevel[Cool Plateau]'/minecraft:the_nether
[00:39:01] [Server thread/INFO] (Minecraft) ThreadedAnvilChunkStorage (DIM-1): All chunks are saved
[00:39:01] [Server thread/INFO] (Minecraft) Saving chunks for level 'ServerLevel[Cool Plateau]'/minecraft:the_end
[00:39:01] [Server thread/INFO] (Minecraft) ThreadedAnvilChunkStorage (DIM1): All chunks are saved
[00:39:01] [Server thread/INFO] (Minecraft) ThreadedAnvilChunkStorage (Cool Plateau): All chunks are saved
[00:39:02] [Server thread/INFO] (Minecraft) ThreadedAnvilChunkStorage (DIM-1): All chunks are saved
[00:39:02] [Server thread/INFO] (Minecraft) ThreadedAnvilChunkStorage (DIM1): All chunks are saved
